<?xml version="1.0" encoding="UTF-8"?>
<testng-results skipped="0" failed="0" ignored="0" total="1" passed="1">
  <reporter-output>
  </reporter-output>
  <suite name="Default suite" duration-ms="1073" started-at="2020-09-16T14:32:09 IST" finished-at="2020-09-16T14:32:10 IST">
    <groups>
    </groups>
    <test name="Default test" duration-ms="1073" started-at="2020-09-16T14:32:09 IST" finished-at="2020-09-16T14:32:10 IST">
      <class name="employeeDataTest.GetAllEmployeeDetails">
        <test-method status="PASS" signature="getAllEmployeeDataTest()[pri:0, instance:employeeDataTest.GetAllEmployeeDetails@8dbdac1]" name="getAllEmployeeDataTest" duration-ms="1035" started-at="2020-09-16T14:32:09 IST" finished-at="2020-09-16T14:32:10 IST">
          <reporter-output>
          </reporter-output>
        </test-method> <!-- getAllEmployeeDataTest -->
      </class> <!-- employeeDataTest.GetAllEmployeeDetails -->
    </test> <!-- Default test -->
  </suite> <!-- Default suite -->
</testng-results>
